<?xml version="1.0" encoding="UTF-8"?>
<testng-results skipped="0" failed="0" total="1" passed="1">
  <reporter-output>
  </reporter-output>
  <suite name="Suite" duration-ms="24" started-at="2016-06-22T09:27:20Z" finished-at="2016-06-22T09:27:20Z">
    <groups>
    </groups>
    <test name="Test" duration-ms="24" started-at="2016-06-22T09:27:20Z" finished-at="2016-06-22T09:27:20Z">
      <class name="mavenGittry3.test1">
        <test-method status="PASS" signature="openBrowser()[pri:0, instance:mavenGittry3.test1@73035e27]" name="openBrowser" duration-ms="10" started-at="2016-06-22T14:57:20Z" finished-at="2016-06-22T14:57:20Z">
          <reporter-output>
          </reporter-output>
        </test-method> <!-- openBrowser -->
      </class> <!-- mavenGittry3.test1 -->
    </test> <!-- Test -->
  </suite> <!-- Suite -->
</testng-results>
