<?xml version="1.0" encoding="UTF-8"?>
<testng-results skipped="0" failed="0" total="1" passed="1">
  <reporter-output>
  </reporter-output>
  <suite name="Suite" duration-ms="33" started-at="2016-06-22T09:25:01Z" finished-at="2016-06-22T09:25:02Z">
    <groups>
    </groups>
    <test name="Test" duration-ms="33" started-at="2016-06-22T09:25:01Z" finished-at="2016-06-22T09:25:02Z">
      <class name="mavenGittry3.test1">
        <test-method status="PASS" signature="openBrowser()[pri:0, instance:mavenGittry3.test1@de0a01f]" name="openBrowser" duration-ms="15" started-at="2016-06-22T14:55:02Z" finished-at="2016-06-22T14:55:02Z">
          <reporter-output>
          </reporter-output>
        </test-method> <!-- openBrowser -->
      </class> <!-- mavenGittry3.test1 -->
    </test> <!-- Test -->
  </suite> <!-- Suite -->
</testng-results>
